2022-02-27 23:18:38,713  INFO [main] TestBase:43 - Properties file reading done: ./src/test/resources/config/config.properties
2022-02-27 23:18:39,121  INFO [main] WebDriverManager:632 - Using msedgedriver 98.0.1108.62 (resolved driver for Edge 98)
2022-02-27 23:18:39,145  INFO [main] WebDriverManager:689 - Exporting webdriver.edge.driver as C:\Users\nali29\.cache\selenium\msedgedriver\win64\98.0.1108.62\msedgedriver.exe
2022-02-27 23:18:43,654  INFO [main] TestBase:56 - Opening Browser [edge] with url [https://www.google.com/]
2022-02-27 23:18:45,556  INFO [main] PageBase:36 - Element matching this locator [ By.name: q ] is visible
2022-02-27 23:18:45,714  INFO [main] PageBase:60 - Type Cars in London
2022-02-27 23:18:48,260  INFO [main] PageBase:96 - [press ENTER] successfully performed 
2022-02-27 23:18:48,705  INFO [main] PageBase:82 - [Control +Click] successfully performed 
2022-02-27 23:18:52,406  INFO [main] PageBase:36 - Element matching this locator [ By.xpath: //a[@data-q="gumtree-logo"] ] is visible
2022-02-27 23:18:52,412  INFO [main] TestBase:63 - Close Browser
2022-02-27 23:22:41,181  INFO [main] TestBase:43 - Properties file reading done: ./src/test/resources/config/config.properties
2022-02-27 23:22:41,624  INFO [main] WebDriverManager:632 - Using msedgedriver 98.0.1108.62 (resolved driver for Edge 98)
2022-02-27 23:22:41,652  INFO [main] WebDriverManager:689 - Exporting webdriver.edge.driver as C:\Users\nali29\.cache\selenium\msedgedriver\win64\98.0.1108.62\msedgedriver.exe
2022-02-27 23:22:46,061  INFO [main] TestBase:56 - Opening Browser [edge] with url [https://www.google.com/]
2022-02-27 23:22:47,857  INFO [main] PageBase:36 - Element matching this locator [ By.name: q ] is visible
2022-02-27 23:22:48,016  INFO [main] PageBase:60 - Type Cars in London
2022-02-27 23:22:49,936  INFO [main] PageBase:96 - [press ENTER] successfully performed 
2022-02-27 23:22:50,530  INFO [main] PageBase:82 - [Control +Click] successfully performed 
2022-02-27 23:22:54,185  INFO [main] PageBase:36 - Element matching this locator [ By.xpath: //a[@data-q="gumtree-logo"] ] is visible
2022-02-27 23:22:54,189  INFO [main] TestBase:63 - Close Browser
2022-02-28 09:54:42,545  INFO [main] TestBase:43 - Properties file reading done: ./src/test/resources/config/config.properties
2022-02-28 09:54:44,664  INFO [main] WebDriverManager:632 - Using chromedriver 98.0.4758.102 (resolved driver for Chrome 98)
2022-02-28 09:54:44,698  INFO [main] WebDriverManager:962 - Reading https://chromedriver.storage.googleapis.com/ to seek chromedriver
2022-02-28 09:54:45,213  INFO [main] Downloader:128 - Downloading https://chromedriver.storage.googleapis.com/98.0.4758.102/chromedriver_win32.zip
2022-02-28 09:54:46,916  INFO [main] Downloader:185 - Extracting driver from compressed file chromedriver_win32.zip
2022-02-28 09:54:47,380  INFO [main] WebDriverManager:689 - Exporting webdriver.chrome.driver as C:\Users\nali29\.cache\selenium\chromedriver\win32\98.0.4758.102\chromedriver.exe
2022-02-28 09:54:51,380  INFO [main] TestBase:56 - Opening Browser [chrome] with url [https://www.google.com/]
2022-02-28 09:54:52,571  INFO [main] PageBase:36 - Element matching this locator [ By.name: q ] is visible
2022-02-28 09:54:52,759  INFO [main] PageBase:60 - Type Cars in London
2022-02-28 09:54:55,720  INFO [main] PageBase:96 - [press ENTER] successfully performed 
2022-02-28 09:54:55,950  INFO [main] TestBase:63 - Close Browser
2022-02-28 09:54:56,074  WARN [AsyncHttpClient-1-4] WebSocketHandler:142 - onError
java.net.SocketException: Connection reset
	at java.base/sun.nio.ch.SocketChannelImpl.throwConnectionReset(SocketChannelImpl.java:367)
	at java.base/sun.nio.ch.SocketChannelImpl.read(SocketChannelImpl.java:398)
	at io.netty.buffer.PooledByteBuf.setBytes(PooledByteBuf.java:253)
	at io.netty.buffer.AbstractByteBuf.writeBytes(AbstractByteBuf.java:1134)
	at io.netty.channel.socket.nio.NioSocketChannel.doReadBytes(NioSocketChannel.java:350)
	at io.netty.channel.nio.AbstractNioByteChannel$NioByteUnsafe.read(AbstractNioByteChannel.java:151)
	at io.netty.channel.nio.NioEventLoop.processSelectedKey(NioEventLoop.java:714)
	at io.netty.channel.nio.NioEventLoop.processSelectedKeysOptimized(NioEventLoop.java:650)
	at io.netty.channel.nio.NioEventLoop.processSelectedKeys(NioEventLoop.java:576)
	at io.netty.channel.nio.NioEventLoop.run(NioEventLoop.java:493)
	at io.netty.util.concurrent.SingleThreadEventExecutor$4.run(SingleThreadEventExecutor.java:989)
	at io.netty.util.internal.ThreadExecutorMap$2.run(ThreadExecutorMap.java:74)
	at io.netty.util.concurrent.FastThreadLocalRunnable.run(FastThreadLocalRunnable.java:30)
	at java.base/java.lang.Thread.run(Thread.java:832)
2022-02-28 09:56:23,619  INFO [main] TestBase:43 - Properties file reading done: ./src/test/resources/config/config.properties
2022-02-28 09:56:24,012  INFO [main] WebDriverManager:632 - Using chromedriver 98.0.4758.102 (resolved driver for Chrome 98)
2022-02-28 09:56:24,041  INFO [main] WebDriverManager:689 - Exporting webdriver.chrome.driver as C:\Users\nali29\.cache\selenium\chromedriver\win32\98.0.4758.102\chromedriver.exe
2022-02-28 09:56:26,721  INFO [main] TestBase:56 - Opening Browser [chrome] with url [https://www.google.com/]
2022-02-28 09:56:27,868  INFO [main] PageBase:36 - Element matching this locator [ By.name: q ] is visible
2022-02-28 09:56:28,029  INFO [main] PageBase:60 - Type Cars in London
2022-02-28 09:56:30,694  INFO [main] PageBase:96 - [press ENTER] successfully performed 
2022-02-28 09:56:30,705  INFO [main] TestBase:63 - Close Browser
2022-02-28 10:02:15,372  INFO [main] TestBase:43 - Properties file reading done: ./src/test/resources/config/config.properties
2022-02-28 10:02:15,771  INFO [main] WebDriverManager:632 - Using chromedriver 98.0.4758.102 (resolved driver for Chrome 98)
2022-02-28 10:02:15,793  INFO [main] WebDriverManager:689 - Exporting webdriver.chrome.driver as C:\Users\nali29\.cache\selenium\chromedriver\win32\98.0.4758.102\chromedriver.exe
2022-02-28 10:02:18,866  INFO [main] TestBase:56 - Opening Browser [chrome] with url [https://www.google.com/]
2022-02-28 10:02:19,989  INFO [main] PageBase:36 - Element matching this locator [ By.name: q ] is visible
2022-02-28 10:02:20,143  INFO [main] PageBase:60 - Type Cars in London
2022-02-28 10:02:22,321  INFO [main] PageBase:96 - [press ENTER] successfully performed 
2022-02-28 10:02:22,551  INFO [main] TestBase:63 - Close Browser
2022-02-28 10:04:16,962  INFO [main] TestBase:43 - Properties file reading done: ./src/test/resources/config/config.properties
2022-02-28 10:04:17,362  INFO [main] WebDriverManager:632 - Using chromedriver 98.0.4758.102 (resolved driver for Chrome 98)
2022-02-28 10:04:17,390  INFO [main] WebDriverManager:689 - Exporting webdriver.chrome.driver as C:\Users\nali29\.cache\selenium\chromedriver\win32\98.0.4758.102\chromedriver.exe
2022-02-28 10:04:20,256  INFO [main] TestBase:56 - Opening Browser [chrome] with url [https://www.google.com/]
2022-02-28 10:04:24,041  INFO [main] PageBase:36 - Element matching this locator [ By.name: q ] is visible
2022-02-28 10:04:24,195  INFO [main] PageBase:60 - Type Cars in London
2022-02-28 10:04:26,053  INFO [main] PageBase:96 - [press ENTER] successfully performed 
2022-02-28 10:04:26,473  INFO [main] PageBase:82 - [Control +Click] successfully performed 
2022-02-28 10:04:29,984  INFO [main] PageBase:36 - Element matching this locator [ By.xpath: //a[@data-q="gumtree-logo"] ] is visible
2022-02-28 10:04:29,985  INFO [main] TestBase:63 - Close Browser
2022-02-28 10:17:19,077  INFO [main] TestBase:43 - Properties file reading done: ./src/test/resources/config/config.properties
2022-02-28 10:17:19,487  INFO [main] WebDriverManager:632 - Using chromedriver 98.0.4758.102 (resolved driver for Chrome 98)
2022-02-28 10:17:19,511  INFO [main] WebDriverManager:689 - Exporting webdriver.chrome.driver as C:\Users\nali29\.cache\selenium\chromedriver\win32\98.0.4758.102\chromedriver.exe
2022-02-28 10:17:22,162  INFO [main] TestBase:56 - Opening Browser [chrome] with url [https://www.google.com/]
2022-02-28 10:17:23,966  INFO [main] PageBase:36 - Element matching this locator [ By.name: q ] is visible
2022-02-28 10:17:24,118  INFO [main] PageBase:60 - Type Cars in London
2022-02-28 10:17:26,145  INFO [main] PageBase:96 - [press ENTER] successfully performed 
2022-02-28 10:17:26,602  INFO [main] PageBase:82 - [Control +Click] successfully performed 
2022-02-28 10:17:29,964  INFO [main] PageBase:36 - Element matching this locator [ By.xpath: //a[@data-q="gumtree-logo"] ] is visible
2022-02-28 10:17:29,967  INFO [main] TestBase:63 - Close Browser
2022-02-28 10:33:40,394  INFO [main] TestBase:43 - Properties file reading done: ./src/test/resources/config/config.properties
2022-02-28 10:33:40,791  INFO [main] WebDriverManager:632 - Using chromedriver 98.0.4758.102 (resolved driver for Chrome 98)
2022-02-28 10:33:40,816  INFO [main] WebDriverManager:689 - Exporting webdriver.chrome.driver as C:\Users\nali29\.cache\selenium\chromedriver\win32\98.0.4758.102\chromedriver.exe
2022-02-28 10:33:43,549  INFO [main] TestBase:56 - Opening Browser [chrome] with url [https://www.google.com/]
2022-02-28 10:33:45,293  INFO [main] PageBase:36 - Element matching this locator [ By.name: q ] is visible
2022-02-28 10:33:45,450  INFO [main] PageBase:60 - Type Cars in London
2022-02-28 10:33:47,394  INFO [main] PageBase:96 - [press ENTER] successfully performed 
2022-02-28 10:33:47,828  INFO [main] PageBase:82 - [Control +Click] successfully performed 
2022-02-28 10:33:51,105  INFO [main] PageBase:36 - Element matching this locator [ By.xpath: //a[@data-q="gumtree-logo"] ] is visible
2022-02-28 10:33:51,106  INFO [main] TestBase:63 - Close Browser
2022-02-28 10:59:43,877  INFO [main] TestBase:43 - Properties file reading done: ./src/test/resources/config/config.properties
2022-02-28 10:59:45,629  INFO [main] WebDriverManager:632 - Using chromedriver 98.0.4758.102 (resolved driver for Chrome 98)
2022-02-28 10:59:45,653  INFO [main] WebDriverManager:689 - Exporting webdriver.chrome.driver as C:\Users\nali29\.cache\selenium\chromedriver\win32\98.0.4758.102\chromedriver.exe
2022-02-28 10:59:48,440  INFO [main] TestBase:56 - Opening Browser [chrome] with url [https://www.google.com/]
2022-02-28 10:59:50,565  INFO [main] PageBase:36 - Element matching this locator [ By.name: q ] is visible
2022-02-28 10:59:50,715  INFO [main] PageBase:60 - Type Cars in London
2022-02-28 10:59:52,666  INFO [main] PageBase:96 - [press ENTER] successfully performed 
2022-02-28 10:59:53,112  INFO [main] PageBase:82 - [Control +Click] successfully performed 
2022-02-28 10:59:56,342  INFO [main] PageBase:36 - Element matching this locator [ By.xpath: //a[@data-q="gumtree-logo"] ] is visible
2022-02-28 10:59:56,345  INFO [main] TestBase:63 - Close Browser
2022-02-28 11:10:33,320  INFO [main] TestBase:43 - Properties file reading done: ./src/test/resources/config/config.properties
2022-02-28 11:10:33,791  INFO [main] WebDriverManager:632 - Using chromedriver 98.0.4758.102 (resolved driver for Chrome 98)
2022-02-28 11:10:33,824  INFO [main] WebDriverManager:689 - Exporting webdriver.chrome.driver as C:\Users\nali29\.cache\selenium\chromedriver\win32\98.0.4758.102\chromedriver.exe
2022-02-28 11:10:36,550  INFO [main] TestBase:56 - Opening Browser [chrome] with url [https://www.google.com/]
2022-02-28 11:10:37,638  INFO [main] PageBase:36 - Element matching this locator [ By.name: q ] is visible
2022-02-28 11:10:37,800  INFO [main] PageBase:60 - Type Cars in London
2022-02-28 11:10:40,864  INFO [main] PageBase:96 - [press ENTER] successfully performed 
2022-02-28 11:10:41,305  INFO [main] PageBase:82 - [Control +Click] successfully performed 
2022-02-28 11:10:44,723  INFO [main] PageBase:36 - Element matching this locator [ By.xpath: //a[@data-q="gumtree-logo"] ] is visible
2022-02-28 11:10:44,725  INFO [main] TestBase:63 - Close Browser
